<?xml version="1.0" encoding="UTF-8"?>
<testng-results ignored="0" total="1" passed="1" failed="0" skipped="0">
  <reporter-output>
  </reporter-output>
  <suite started-at="2025-05-23T08:09:17 IST" name="Default suite" finished-at="2025-05-23T08:09:20 IST" duration-ms="2871">
    <groups>
    </groups>
    <test started-at="2025-05-23T08:09:17 IST" name="Default test" finished-at="2025-05-23T08:09:20 IST" duration-ms="2871">
      <class name="tests.TC001">
        <test-method is-config="true" signature="reports()[pri:0, instance:tests.TC001@2b30a42c]" started-at="2025-05-23T08:09:17 IST" name="reports" finished-at="2025-05-23T08:09:17 IST" duration-ms="256" status="PASS">
          <reporter-output>
          </reporter-output>
        </test-method> <!-- reports -->
        <test-method is-config="true" signature="setup()[pri:0, instance:tests.TC001@2b30a42c]" started-at="2025-05-23T08:09:17 IST" name="setup" finished-at="2025-05-23T08:09:17 IST" duration-ms="1" status="PASS">
          <reporter-output>
          </reporter-output>
        </test-method> <!-- setup -->
        <test-method is-config="true" signature="testDetails()[pri:0, instance:tests.TC001@2b30a42c]" started-at="2025-05-23T08:09:17 IST" name="testDetails" finished-at="2025-05-23T08:09:17 IST" duration-ms="7" status="PASS">
          <reporter-output>
          </reporter-output>
        </test-method> <!-- testDetails -->
        <test-method is-config="true" signature="Launch_browser()[pri:0, instance:tests.TC001@2b30a42c]" started-at="2025-05-23T08:09:17 IST" name="Launch_browser" finished-at="2025-05-23T08:09:19 IST" duration-ms="1749" status="PASS">
          <reporter-output>
          </reporter-output>
        </test-method> <!-- Launch_browser -->
        <test-method signature="AddingTodo()[pri:0, instance:tests.TC001@2b30a42c]" started-at="2025-05-23T08:09:19 IST" name="AddingTodo" finished-at="2025-05-23T08:09:20 IST" duration-ms="995" status="PASS">
          <reporter-output>
          </reporter-output>
        </test-method> <!-- AddingTodo -->
        <test-method is-config="true" signature="Close_browser()[pri:0, instance:tests.TC001@2b30a42c]" started-at="2025-05-23T08:09:20 IST" name="Close_browser" finished-at="2025-05-23T08:09:20 IST" duration-ms="86" status="PASS">
          <reporter-output>
          </reporter-output>
        </test-method> <!-- Close_browser -->
        <test-method is-config="true" signature="reportclose()[pri:0, instance:tests.TC001@2b30a42c]" started-at="2025-05-23T08:09:20 IST" name="reportclose" finished-at="2025-05-23T08:09:20 IST" duration-ms="230" status="PASS">
          <reporter-output>
          </reporter-output>
        </test-method> <!-- reportclose -->
      </class> <!-- tests.TC001 -->
    </test> <!-- Default test -->
  </suite> <!-- Default suite -->
</testng-results>
